C:\USERS\WANGCHONG\DESKTOP\SAMPLE\SAMPLE\DEBUG\源.OBJ
C:\USERS\WANGCHONG\DESKTOP\SAMPLE\SAMPLE\DEBUG\VC110.PDB
C:\USERS\WANGCHONG\DESKTOP\SAMPLE\DEBUG\SAMPLE.ILK
C:\USERS\WANGCHONG\DESKTOP\SAMPLE\DEBUG\SAMPLE.EXE
C:\USERS\WANGCHONG\DESKTOP\SAMPLE\DEBUG\SAMPLE.PDB
C:\Users\wangchong\Desktop\sample\sample\Debug\源.obj
C:\Users\wangchong\Desktop\sample\sample\Debug\cl.command.1.tlog
C:\Users\wangchong\Desktop\sample\sample\Debug\CL.read.1.tlog
C:\Users\wangchong\Desktop\sample\sample\Debug\CL.write.1.tlog
C:\Users\wangchong\Desktop\sample\sample\Debug\link-cvtres.read.1.tlog
C:\Users\wangchong\Desktop\sample\sample\Debug\link-cvtres.write.1.tlog
C:\Users\wangchong\Desktop\sample\sample\Debug\link-rc.read.1.tlog
C:\Users\wangchong\Desktop\sample\sample\Debug\link-rc.write.1.tlog
C:\Users\wangchong\Desktop\sample\sample\Debug\link.command.1.tlog
C:\Users\wangchong\Desktop\sample\sample\Debug\link.read.1.tlog
C:\Users\wangchong\Desktop\sample\sample\Debug\link.write.1.tlog
C:\Users\wangchong\Desktop\sample\sample\Debug\vc110.idb
C:\Users\wangchong\Desktop\sample\sample\Debug\vc110.pdb
C:\Users\wangchong\Desktop\sample\Debug\sample.pdb
C:\Users\wangchong\Desktop\sample\Debug\sample.exe
C:\Users\wangchong\Desktop\sample\Debug\sample.ilk
